[handleMsg]:  {
  key: {
    remoteJid: '5491132888448@s.whatsapp.net',
    fromMe: false,
    id: 'FE46CAAFEA841217C6061FD7612A91D6',
    participant: undefined
  },
  messageTimestamp: 1690824777,
  pushName: 'Mechi 🐱',
  broadcast: false,
  message: Message {
    extendedTextMessage: ExtendedTextMessage {
      text: 'Hola',
      previewType: 0,
      contextInfo: [ContextInfo],
      inviteLinkGroupTypeV2: 0
    },
    messageContextInfo: MessageContextInfo {
      deviceListMetadata: [DeviceListMetadata],
      deviceListMetadataVersion: 2
    }
  },
  body: 'Hola',
  from: '5491132888448'
}
[handleMsg]:  {
  key: {
    remoteJid: '5491132888448@s.whatsapp.net',
    fromMe: false,
    id: '54ADB6D513FFC4C9B9DE67EB382043C0',
    participant: undefined
  },
  messageTimestamp: 1690824790,
  pushName: 'Mechi 🐱',
  broadcast: false,
  messageStubType: 2,
  messageStubParameters: [ 'Message absent from node' ],
  body: undefined,
  from: '5491132888448'
}
[handleMsg]:  {
  key: {
    remoteJid: '5491132888448@s.whatsapp.net',
    fromMe: false,
    id: '54ADB6D513FFC4C9B9DE67EB382043C0',
    participant: undefined
  },
  messageTimestamp: 1690824791,
  pushName: 'Mechi 🐱',
  broadcast: false,
  message: Message {
    conversation: '41550112',
    messageContextInfo: MessageContextInfo {
      deviceListMetadata: [DeviceListMetadata],
      deviceListMetadataVersion: 2
    }
  },
  body: '41550112',
  from: '5491132888448'
}
[handleMsg]:  {
  key: {
    remoteJid: '5491132888448@s.whatsapp.net',
    fromMe: false,
    id: '3C0EC37457F4C1C64BDF4488549564EF',
    participant: undefined
  },
  messageTimestamp: 1690824799,
  pushName: 'Mechi 🐱',
  broadcast: false,
  message: Message {
    conversation: 'Secundaria',
    messageContextInfo: MessageContextInfo {
      deviceListMetadata: [DeviceListMetadata],
      deviceListMetadataVersion: 2
    }
  },
  body: 'Secundaria',
  from: '5491132888448'
}
[handleMsg]:  {
  key: {
    remoteJid: '5491132888448@s.whatsapp.net',
    fromMe: false,
    id: '3B1546839AE0B58ED61C135922D97E9B',
    participant: undefined
  },
  messageTimestamp: 1690824810,
  pushName: 'Mechi 🐱',
  broadcast: false,
  message: Message {
    conversation: '2',
    messageContextInfo: MessageContextInfo {
      deviceListMetadata: [DeviceListMetadata],
      deviceListMetadataVersion: 2
    }
  },
  body: '2',
  from: '5491132888448'
}
[handleMsg]:  {
  key: {
    remoteJid: '5491132888448@s.whatsapp.net',
    fromMe: false,
    id: '413CC3BC8497C9CC06315A1F36382D2A',
    participant: undefined
  },
  messageTimestamp: 1690824824,
  pushName: 'Mechi 🐱',
  broadcast: false,
  message: Message {
    conversation: '41550112',
    messageContextInfo: MessageContextInfo {
      deviceListMetadata: [DeviceListMetadata],
      deviceListMetadataVersion: 2
    }
  },
  body: '41550112',
  from: '5491132888448'
}
[handleMsg]:  {
  key: {
    remoteJid: '5491132888448@s.whatsapp.net',
    fromMe: false,
    id: '34FBAD5708A9F83512A3F125292C9B88',
    participant: undefined
  },
  messageTimestamp: 1690824831,
  pushName: 'Mechi 🐱',
  broadcast: false,
  message: Message {
    conversation: '1',
    messageContextInfo: MessageContextInfo {
      deviceListMetadata: [DeviceListMetadata],
      deviceListMetadataVersion: 2
    }
  },
  body: '1',
  from: '5491132888448'
}
[handleMsg]:  {
  key: {
    remoteJid: '5491132888448@s.whatsapp.net',
    fromMe: false,
    id: 'EA500334C0322B2AEBAA13933E9FA418',
    participant: undefined
  },
  messageTimestamp: 1690824859,
  pushName: 'Mechi 🐱',
  broadcast: false,
  message: Message {
    conversation: 'Adios',
    messageContextInfo: MessageContextInfo {
      deviceListMetadata: [DeviceListMetadata],
      deviceListMetadataVersion: 2
    }
  },
  body: 'Adios',
  from: '5491132888448'
}
[handleMsg]:  {
  key: {
    remoteJid: '5491162023318@s.whatsapp.net',
    fromMe: false,
    id: '3EB03C3A346F4FC7A3827E',
    participant: undefined
  },
  messageTimestamp: 1690824938,
  pushName: 'Cristian Marquez',
  broadcast: false,
  message: Message {
    conversation: 'hola',
    messageContextInfo: MessageContextInfo {
      deviceListMetadata: [DeviceListMetadata],
      deviceListMetadataVersion: 2
    }
  },
  body: 'hola',
  from: '5491162023318'
}
[handleMsg]:  {
  key: {
    remoteJid: '5491162023318@s.whatsapp.net',
    fromMe: false,
    id: '3EB00667B17B8FF6CE7045',
    participant: undefined
  },
  messageTimestamp: 1690824943,
  pushName: 'Cristian Marquez',
  broadcast: false,
  message: Message {
    conversation: '41550112',
    messageContextInfo: MessageContextInfo {
      deviceListMetadata: [DeviceListMetadata],
      deviceListMetadataVersion: 2
    }
  },
  body: '41550112',
  from: '5491162023318'
}
[handleMsg]:  {
  key: {
    remoteJid: '5491162023318@s.whatsapp.net',
    fromMe: false,
    id: '3EB0759EF6D90C9FCCCF2D',
    participant: undefined
  },
  messageTimestamp: 1690824945,
  pushName: 'Cristian Marquez',
  broadcast: false,
  message: Message {
    conversation: '1',
    messageContextInfo: MessageContextInfo {
      deviceListMetadata: [DeviceListMetadata],
      deviceListMetadataVersion: 2
    }
  },
  body: '1',
  from: '5491162023318'
}
